  main.cpp
C:\Users\rapha\Documents\Visual studio doc\visual studio 2022 projects\Bird Fap\Bird Fap\main.cpp(79,44): warning C4305: 'argument' : troncation de 'double' à 'float'
C:\Users\rapha\Documents\Visual studio doc\visual studio 2022 projects\Bird Fap\Bird Fap\main.cpp(80,48): warning C4305: 'argument' : troncation de 'double' à 'float'
C:\Users\rapha\Documents\Visual studio doc\visual studio 2022 projects\Bird Fap\Bird Fap\main.cpp(81,40): warning C4305: 'argument' : troncation de 'double' à 'float'
C:\Users\rapha\Documents\Visual studio doc\visual studio 2022 projects\Bird Fap\Bird Fap\main.cpp(301,33): warning C4305: 'argument' : troncation de 'double' à 'float'
C:\Users\rapha\Documents\Visual studio doc\visual studio 2022 projects\Bird Fap\Bird Fap\main.cpp(605,46): warning C4305: 'argument' : troncation de 'double' à 'float'
C:\Users\rapha\Documents\Visual studio doc\visual studio 2022 projects\Bird Fap\Bird Fap\main.cpp(606,48): warning C4305: 'argument' : troncation de 'double' à 'float'
C:\Users\rapha\Documents\Visual studio doc\visual studio 2022 projects\Bird Fap\Bird Fap\main.cpp(607,45): warning C4305: 'argument' : troncation de 'double' à 'float'
C:\Users\rapha\Documents\Visual studio doc\visual studio 2022 projects\Bird Fap\Bird Fap\main.cpp(608,46): warning C4305: 'argument' : troncation de 'double' à 'float'
C:\Users\rapha\Documents\Visual studio doc\visual studio 2022 projects\Bird Fap\Bird Fap\main.cpp(611,46): warning C4305: 'argument' : troncation de 'double' à 'float'
C:\Users\rapha\Documents\Visual studio doc\visual studio 2022 projects\Bird Fap\Bird Fap\main.cpp(612,48): warning C4305: 'argument' : troncation de 'double' à 'float'
C:\Users\rapha\Documents\Visual studio doc\visual studio 2022 projects\Bird Fap\Bird Fap\main.cpp(636,46): warning C4305: 'argument' : troncation de 'double' à 'float'
C:\Users\rapha\Documents\Visual studio doc\visual studio 2022 projects\Bird Fap\Bird Fap\main.cpp(637,48): warning C4305: 'argument' : troncation de 'double' à 'float'
C:\Users\rapha\Documents\Visual studio doc\visual studio 2022 projects\Bird Fap\Bird Fap\main.cpp(638,45): warning C4305: 'argument' : troncation de 'double' à 'float'
C:\Users\rapha\Documents\Visual studio doc\visual studio 2022 projects\Bird Fap\Bird Fap\main.cpp(642,46): warning C4305: 'argument' : troncation de 'double' à 'float'
C:\Users\rapha\Documents\Visual studio doc\visual studio 2022 projects\Bird Fap\Bird Fap\main.cpp(643,48): warning C4305: 'argument' : troncation de 'double' à 'float'
C:\Users\rapha\Documents\Visual studio doc\visual studio 2022 projects\Bird Fap\Bird Fap\main.cpp(667,46): warning C4305: 'argument' : troncation de 'double' à 'float'
C:\Users\rapha\Documents\Visual studio doc\visual studio 2022 projects\Bird Fap\Bird Fap\main.cpp(668,48): warning C4305: 'argument' : troncation de 'double' à 'float'
C:\Users\rapha\Documents\Visual studio doc\visual studio 2022 projects\Bird Fap\Bird Fap\main.cpp(669,45): warning C4305: 'argument' : troncation de 'double' à 'float'
C:\Users\rapha\Documents\Visual studio doc\visual studio 2022 projects\Bird Fap\Bird Fap\main.cpp(673,46): warning C4305: 'argument' : troncation de 'double' à 'float'
C:\Users\rapha\Documents\Visual studio doc\visual studio 2022 projects\Bird Fap\Bird Fap\main.cpp(674,48): warning C4305: 'argument' : troncation de 'double' à 'float'
C:\Users\rapha\Documents\Visual studio doc\visual studio 2022 projects\Bird Fap\Bird Fap\main.cpp(698,46): warning C4305: 'argument' : troncation de 'double' à 'float'
C:\Users\rapha\Documents\Visual studio doc\visual studio 2022 projects\Bird Fap\Bird Fap\main.cpp(699,48): warning C4305: 'argument' : troncation de 'double' à 'float'
C:\Users\rapha\Documents\Visual studio doc\visual studio 2022 projects\Bird Fap\Bird Fap\main.cpp(701,45): warning C4305: 'argument' : troncation de 'double' à 'float'
C:\Users\rapha\Documents\Visual studio doc\visual studio 2022 projects\Bird Fap\Bird Fap\main.cpp(705,46): warning C4305: 'argument' : troncation de 'double' à 'float'
C:\Users\rapha\Documents\Visual studio doc\visual studio 2022 projects\Bird Fap\Bird Fap\main.cpp(706,48): warning C4305: 'argument' : troncation de 'double' à 'float'
C:\Users\rapha\Documents\Visual studio doc\visual studio 2022 projects\Bird Fap\Bird Fap\main.cpp(723,53): warning C4305: 'argument' : troncation de 'double' à 'float'
C:\Users\rapha\Documents\Visual studio doc\visual studio 2022 projects\Bird Fap\Bird Fap\main.cpp(744,53): warning C4305: 'argument' : troncation de 'double' à 'float'
C:\Users\rapha\Documents\Visual studio doc\visual studio 2022 projects\Bird Fap\Bird Fap\main.cpp(778,50): warning C4305: 'argument' : troncation de 'double' à 'float'
C:\Users\rapha\Documents\Visual studio doc\visual studio 2022 projects\Bird Fap\Bird Fap\main.cpp(779,52): warning C4305: 'argument' : troncation de 'double' à 'float'
C:\Users\rapha\Documents\Visual studio doc\visual studio 2022 projects\Bird Fap\Bird Fap\main.cpp(780,49): warning C4305: 'argument' : troncation de 'double' à 'float'
C:\Users\rapha\Documents\Visual studio doc\visual studio 2022 projects\Bird Fap\Bird Fap\main.cpp(784,50): warning C4305: 'argument' : troncation de 'double' à 'float'
C:\Users\rapha\Documents\Visual studio doc\visual studio 2022 projects\Bird Fap\Bird Fap\main.cpp(786,52): warning C4305: 'argument' : troncation de 'double' à 'float'
C:\Users\rapha\Documents\Visual studio doc\visual studio 2022 projects\Bird Fap\Bird Fap\main.cpp(787,49): warning C4305: 'argument' : troncation de 'double' à 'float'
C:\Users\rapha\Documents\Visual studio doc\visual studio 2022 projects\Bird Fap\Bird Fap\main.cpp(817,50): warning C4305: 'argument' : troncation de 'double' à 'float'
C:\Users\rapha\Documents\Visual studio doc\visual studio 2022 projects\Bird Fap\Bird Fap\main.cpp(818,52): warning C4305: 'argument' : troncation de 'double' à 'float'
C:\Users\rapha\Documents\Visual studio doc\visual studio 2022 projects\Bird Fap\Bird Fap\main.cpp(819,49): warning C4305: 'argument' : troncation de 'double' à 'float'
C:\Users\rapha\Documents\Visual studio doc\visual studio 2022 projects\Bird Fap\Bird Fap\main.cpp(825,50): warning C4305: 'argument' : troncation de 'double' à 'float'
C:\Users\rapha\Documents\Visual studio doc\visual studio 2022 projects\Bird Fap\Bird Fap\main.cpp(827,52): warning C4305: 'argument' : troncation de 'double' à 'float'
C:\Users\rapha\Documents\Visual studio doc\visual studio 2022 projects\Bird Fap\Bird Fap\main.cpp(829,49): warning C4305: 'argument' : troncation de 'double' à 'float'
C:\Users\rapha\Documents\Visual studio doc\visual studio 2022 projects\Bird Fap\Bird Fap\main.cpp(857,50): warning C4305: 'argument' : troncation de 'double' à 'float'
C:\Users\rapha\Documents\Visual studio doc\visual studio 2022 projects\Bird Fap\Bird Fap\main.cpp(858,52): warning C4305: 'argument' : troncation de 'double' à 'float'
C:\Users\rapha\Documents\Visual studio doc\visual studio 2022 projects\Bird Fap\Bird Fap\main.cpp(861,49): warning C4305: 'argument' : troncation de 'double' à 'float'
C:\Users\rapha\Documents\Visual studio doc\visual studio 2022 projects\Bird Fap\Bird Fap\main.cpp(866,50): warning C4305: 'argument' : troncation de 'double' à 'float'
C:\Users\rapha\Documents\Visual studio doc\visual studio 2022 projects\Bird Fap\Bird Fap\main.cpp(867,52): warning C4305: 'argument' : troncation de 'double' à 'float'
C:\Users\rapha\Documents\Visual studio doc\visual studio 2022 projects\Bird Fap\Bird Fap\main.cpp(869,49): warning C4305: 'argument' : troncation de 'double' à 'float'
C:\Users\rapha\Documents\Visual studio doc\visual studio 2022 projects\Bird Fap\Bird Fap\main.cpp(898,50): warning C4305: 'argument' : troncation de 'double' à 'float'
C:\Users\rapha\Documents\Visual studio doc\visual studio 2022 projects\Bird Fap\Bird Fap\main.cpp(899,52): warning C4305: 'argument' : troncation de 'double' à 'float'
C:\Users\rapha\Documents\Visual studio doc\visual studio 2022 projects\Bird Fap\Bird Fap\main.cpp(900,49): warning C4305: 'argument' : troncation de 'double' à 'float'
C:\Users\rapha\Documents\Visual studio doc\visual studio 2022 projects\Bird Fap\Bird Fap\main.cpp(905,50): warning C4305: 'argument' : troncation de 'double' à 'float'
C:\Users\rapha\Documents\Visual studio doc\visual studio 2022 projects\Bird Fap\Bird Fap\main.cpp(906,52): warning C4305: 'argument' : troncation de 'double' à 'float'
C:\Users\rapha\Documents\Visual studio doc\visual studio 2022 projects\Bird Fap\Bird Fap\main.cpp(907,49): warning C4305: 'argument' : troncation de 'double' à 'float'
C:\Users\rapha\Documents\Visual studio doc\visual studio 2022 projects\Bird Fap\Bird Fap\main.cpp(933,50): warning C4305: 'argument' : troncation de 'double' à 'float'
C:\Users\rapha\Documents\Visual studio doc\visual studio 2022 projects\Bird Fap\Bird Fap\main.cpp(934,52): warning C4305: 'argument' : troncation de 'double' à 'float'
C:\Users\rapha\Documents\Visual studio doc\visual studio 2022 projects\Bird Fap\Bird Fap\main.cpp(935,49): warning C4305: 'argument' : troncation de 'double' à 'float'
C:\Users\rapha\Documents\Visual studio doc\visual studio 2022 projects\Bird Fap\Bird Fap\main.cpp(942,49): warning C4305: 'argument' : troncation de 'double' à 'float'
C:\Users\rapha\Documents\Visual studio doc\visual studio 2022 projects\Bird Fap\Bird Fap\main.cpp(943,50): warning C4305: 'argument' : troncation de 'double' à 'float'
C:\Users\rapha\Documents\Visual studio doc\visual studio 2022 projects\Bird Fap\Bird Fap\main.cpp(946,52): warning C4305: 'argument' : troncation de 'double' à 'float'
C:\Users\rapha\Documents\Visual studio doc\visual studio 2022 projects\Bird Fap\Bird Fap\main.cpp(974,50): warning C4305: 'argument' : troncation de 'double' à 'float'
C:\Users\rapha\Documents\Visual studio doc\visual studio 2022 projects\Bird Fap\Bird Fap\main.cpp(975,52): warning C4305: 'argument' : troncation de 'double' à 'float'
C:\Users\rapha\Documents\Visual studio doc\visual studio 2022 projects\Bird Fap\Bird Fap\main.cpp(976,49): warning C4305: 'argument' : troncation de 'double' à 'float'
C:\Users\rapha\Documents\Visual studio doc\visual studio 2022 projects\Bird Fap\Bird Fap\main.cpp(981,50): warning C4305: 'argument' : troncation de 'double' à 'float'
C:\Users\rapha\Documents\Visual studio doc\visual studio 2022 projects\Bird Fap\Bird Fap\main.cpp(982,52): warning C4305: 'argument' : troncation de 'double' à 'float'
C:\Users\rapha\Documents\Visual studio doc\visual studio 2022 projects\Bird Fap\Bird Fap\main.cpp(985,49): warning C4305: 'argument' : troncation de 'double' à 'float'
C:\Users\rapha\Documents\Visual studio doc\visual studio 2022 projects\Bird Fap\Bird Fap\main.cpp(1043,50): warning C4305: 'argument' : troncation de 'double' à 'float'
C:\Users\rapha\Documents\Visual studio doc\visual studio 2022 projects\Bird Fap\Bird Fap\main.cpp(1044,52): warning C4305: 'argument' : troncation de 'double' à 'float'
C:\Users\rapha\Documents\Visual studio doc\visual studio 2022 projects\Bird Fap\Bird Fap\main.cpp(1048,49): warning C4305: 'argument' : troncation de 'double' à 'float'
C:\Users\rapha\Documents\Visual studio doc\visual studio 2022 projects\Bird Fap\Bird Fap\main.cpp(1051,49): warning C4305: 'argument' : troncation de 'double' à 'float'
C:\Users\rapha\Documents\Visual studio doc\visual studio 2022 projects\Bird Fap\Bird Fap\main.cpp(1053,50): warning C4305: 'argument' : troncation de 'double' à 'float'
C:\Users\rapha\Documents\Visual studio doc\visual studio 2022 projects\Bird Fap\Bird Fap\main.cpp(1056,52): warning C4305: 'argument' : troncation de 'double' à 'float'
C:\Users\rapha\Documents\Visual studio doc\visual studio 2022 projects\Bird Fap\Bird Fap\main.cpp(1083,50): warning C4305: 'argument' : troncation de 'double' à 'float'
C:\Users\rapha\Documents\Visual studio doc\visual studio 2022 projects\Bird Fap\Bird Fap\main.cpp(1085,52): warning C4305: 'argument' : troncation de 'double' à 'float'
C:\Users\rapha\Documents\Visual studio doc\visual studio 2022 projects\Bird Fap\Bird Fap\main.cpp(1086,49): warning C4305: 'argument' : troncation de 'double' à 'float'
C:\Users\rapha\Documents\Visual studio doc\visual studio 2022 projects\Bird Fap\Bird Fap\main.cpp(1091,50): warning C4305: 'argument' : troncation de 'double' à 'float'
C:\Users\rapha\Documents\Visual studio doc\visual studio 2022 projects\Bird Fap\Bird Fap\main.cpp(1092,49): warning C4305: 'argument' : troncation de 'double' à 'float'
C:\Users\rapha\Documents\Visual studio doc\visual studio 2022 projects\Bird Fap\Bird Fap\main.cpp(1094,52): warning C4305: 'argument' : troncation de 'double' à 'float'
C:\Users\rapha\Documents\Visual studio doc\visual studio 2022 projects\Bird Fap\Bird Fap\main.cpp(1120,50): warning C4305: 'argument' : troncation de 'double' à 'float'
C:\Users\rapha\Documents\Visual studio doc\visual studio 2022 projects\Bird Fap\Bird Fap\main.cpp(1121,52): warning C4305: 'argument' : troncation de 'double' à 'float'
C:\Users\rapha\Documents\Visual studio doc\visual studio 2022 projects\Bird Fap\Bird Fap\main.cpp(1125,49): warning C4305: 'argument' : troncation de 'double' à 'float'
C:\Users\rapha\Documents\Visual studio doc\visual studio 2022 projects\Bird Fap\Bird Fap\main.cpp(1129,49): warning C4305: 'argument' : troncation de 'double' à 'float'
C:\Users\rapha\Documents\Visual studio doc\visual studio 2022 projects\Bird Fap\Bird Fap\main.cpp(1131,50): warning C4305: 'argument' : troncation de 'double' à 'float'
C:\Users\rapha\Documents\Visual studio doc\visual studio 2022 projects\Bird Fap\Bird Fap\main.cpp(1133,52): warning C4305: 'argument' : troncation de 'double' à 'float'
C:\Users\rapha\Documents\Visual studio doc\visual studio 2022 projects\Bird Fap\Bird Fap\main.cpp(1188,52): warning C4244: 'argument' : conversion de 'int' en 'T', perte possible de données
          with
          [
              T=float
          ]
C:\Users\rapha\Documents\Visual studio doc\visual studio 2022 projects\Bird Fap\Bird Fap\main.cpp(1190,29): warning C4305: 'argument' : troncation de 'double' à 'float'
C:\Users\rapha\Documents\Visual studio doc\visual studio 2022 projects\Bird Fap\Bird Fap\main.cpp(1204,53): warning C4244: 'argument' : conversion de 'int' en 'T', perte possible de données
          with
          [
              T=float
          ]
C:\Users\rapha\Documents\Visual studio doc\visual studio 2022 projects\Bird Fap\Bird Fap\main.cpp(1206,30): warning C4305: 'argument' : troncation de 'double' à 'float'
C:\Users\rapha\Documents\Visual studio doc\visual studio 2022 projects\Bird Fap\Bird Fap\main.cpp(1213,53): warning C4244: 'argument' : conversion de 'int' en 'T', perte possible de données
          with
          [
              T=float
          ]
C:\Users\rapha\Documents\Visual studio doc\visual studio 2022 projects\Bird Fap\Bird Fap\main.cpp(1215,30): warning C4305: 'argument' : troncation de 'double' à 'float'
C:\Users\rapha\Documents\Visual studio doc\visual studio 2022 projects\Bird Fap\Bird Fap\main.cpp(1222,53): warning C4244: 'argument' : conversion de 'int' en 'T', perte possible de données
          with
          [
              T=float
          ]
C:\Users\rapha\Documents\Visual studio doc\visual studio 2022 projects\Bird Fap\Bird Fap\main.cpp(1224,30): warning C4305: 'argument' : troncation de 'double' à 'float'
C:\Users\rapha\Documents\Visual studio doc\visual studio 2022 projects\Bird Fap\Bird Fap\main.cpp(1231,53): warning C4244: 'argument' : conversion de 'int' en 'T', perte possible de données
          with
          [
              T=float
          ]
C:\Users\rapha\Documents\Visual studio doc\visual studio 2022 projects\Bird Fap\Bird Fap\main.cpp(1233,30): warning C4305: 'argument' : troncation de 'double' à 'float'
C:\Users\rapha\Documents\Visual studio doc\visual studio 2022 projects\Bird Fap\Bird Fap\main.cpp(1240,53): warning C4244: 'argument' : conversion de 'int' en 'T', perte possible de données
          with
          [
              T=float
          ]
C:\Users\rapha\Documents\Visual studio doc\visual studio 2022 projects\Bird Fap\Bird Fap\main.cpp(1242,30): warning C4305: 'argument' : troncation de 'double' à 'float'
C:\Users\rapha\Documents\Visual studio doc\visual studio 2022 projects\Bird Fap\Bird Fap\main.cpp(1249,54): warning C4244: 'argument' : conversion de 'int' en 'T', perte possible de données
          with
          [
              T=float
          ]
C:\Users\rapha\Documents\Visual studio doc\visual studio 2022 projects\Bird Fap\Bird Fap\main.cpp(1251,31): warning C4305: 'argument' : troncation de 'double' à 'float'
C:\Users\rapha\Documents\Visual studio doc\visual studio 2022 projects\Bird Fap\Bird Fap\main.cpp(1258,54): warning C4244: 'argument' : conversion de 'int' en 'T', perte possible de données
          with
          [
              T=float
          ]
C:\Users\rapha\Documents\Visual studio doc\visual studio 2022 projects\Bird Fap\Bird Fap\main.cpp(1260,31): warning C4305: 'argument' : troncation de 'double' à 'float'
C:\Users\rapha\Documents\Visual studio doc\visual studio 2022 projects\Bird Fap\Bird Fap\main.cpp(1268,55): warning C4244: 'argument' : conversion de 'int' en 'T', perte possible de données
          with
          [
              T=float
          ]
C:\Users\rapha\Documents\Visual studio doc\visual studio 2022 projects\Bird Fap\Bird Fap\main.cpp(1270,34): warning C4305: 'argument' : troncation de 'double' à 'float'
C:\Users\rapha\Documents\Visual studio doc\visual studio 2022 projects\Bird Fap\Bird Fap\main.cpp(1277,53): warning C4244: 'argument' : conversion de 'int' en 'T', perte possible de données
          with
          [
              T=float
          ]
C:\Users\rapha\Documents\Visual studio doc\visual studio 2022 projects\Bird Fap\Bird Fap\main.cpp(1279,30): warning C4305: 'argument' : troncation de 'double' à 'float'
C:\Users\rapha\Documents\Visual studio doc\visual studio 2022 projects\Bird Fap\Bird Fap\main.cpp(1286,53): warning C4244: 'argument' : conversion de 'int' en 'T', perte possible de données
          with
          [
              T=float
          ]
C:\Users\rapha\Documents\Visual studio doc\visual studio 2022 projects\Bird Fap\Bird Fap\main.cpp(1288,30): warning C4305: 'argument' : troncation de 'double' à 'float'
C:\Users\rapha\Documents\Visual studio doc\visual studio 2022 projects\Bird Fap\Bird Fap\main.cpp(1295,54): warning C4244: 'argument' : conversion de 'int' en 'T', perte possible de données
          with
          [
              T=float
          ]
C:\Users\rapha\Documents\Visual studio doc\visual studio 2022 projects\Bird Fap\Bird Fap\main.cpp(1297,32): warning C4305: 'argument' : troncation de 'double' à 'float'
C:\Users\rapha\Documents\Visual studio doc\visual studio 2022 projects\Bird Fap\Bird Fap\main.cpp(1304,54): warning C4244: 'argument' : conversion de 'int' en 'T', perte possible de données
          with
          [
              T=float
          ]
C:\Users\rapha\Documents\Visual studio doc\visual studio 2022 projects\Bird Fap\Bird Fap\main.cpp(1306,31): warning C4305: 'argument' : troncation de 'double' à 'float'
C:\Users\rapha\Documents\Visual studio doc\visual studio 2022 projects\Bird Fap\Bird Fap\main.cpp(1313,54): warning C4244: 'argument' : conversion de 'int' en 'T', perte possible de données
          with
          [
              T=float
          ]
C:\Users\rapha\Documents\Visual studio doc\visual studio 2022 projects\Bird Fap\Bird Fap\main.cpp(1315,31): warning C4305: 'argument' : troncation de 'double' à 'float'
C:\Users\rapha\Documents\Visual studio doc\visual studio 2022 projects\Bird Fap\Bird Fap\main.cpp(1322,57): warning C4244: 'argument' : conversion de 'int' en 'T', perte possible de données
          with
          [
              T=float
          ]
C:\Users\rapha\Documents\Visual studio doc\visual studio 2022 projects\Bird Fap\Bird Fap\main.cpp(1324,35): warning C4305: 'argument' : troncation de 'double' à 'float'
C:\Users\rapha\Documents\Visual studio doc\visual studio 2022 projects\Bird Fap\Bird Fap\main.cpp(1331,32): warning C4305: 'argument' : troncation de 'double' à 'float'
C:\Users\rapha\Documents\Visual studio doc\visual studio 2022 projects\Bird Fap\Bird Fap\main.cpp(1332,31): warning C4305: 'argument' : troncation de 'double' à 'float'
C:\Users\rapha\Documents\Visual studio doc\visual studio 2022 projects\Bird Fap\Bird Fap\main.cpp(1333,31): warning C4305: 'argument' : troncation de 'double' à 'float'
C:\Users\rapha\Documents\Visual studio doc\visual studio 2022 projects\Bird Fap\Bird Fap\main.cpp(1334,31): warning C4305: 'argument' : troncation de 'double' à 'float'
C:\Users\rapha\Documents\Visual studio doc\visual studio 2022 projects\Bird Fap\Bird Fap\main.cpp(1335,31): warning C4305: 'argument' : troncation de 'double' à 'float'
C:\Users\rapha\Documents\Visual studio doc\visual studio 2022 projects\Bird Fap\Bird Fap\main.cpp(1344,32): warning C4305: 'argument' : troncation de 'double' à 'float'
C:\Users\rapha\Documents\Visual studio doc\visual studio 2022 projects\Bird Fap\Bird Fap\main.cpp(1405,34): warning C4305: 'argument' : troncation de 'double' à 'float'
C:\Users\rapha\Documents\Visual studio doc\visual studio 2022 projects\Bird Fap\Bird Fap\main.cpp(1406,36): warning C4305: 'argument' : troncation de 'double' à 'float'
C:\Users\rapha\Documents\Visual studio doc\visual studio 2022 projects\Bird Fap\Bird Fap\main.cpp(1412,58): warning C4244: 'argument' : conversion de 'int' en 'T', perte possible de données
          with
          [
              T=float
          ]
C:\Users\rapha\Documents\Visual studio doc\visual studio 2022 projects\Bird Fap\Bird Fap\main.cpp(1413,58): warning C4244: 'argument' : conversion de 'int' en 'T', perte possible de données
          with
          [
              T=float
          ]
C:\Users\rapha\Documents\Visual studio doc\visual studio 2022 projects\Bird Fap\Bird Fap\main.cpp(1508,49): warning C4305: 'argument' : troncation de 'double' à 'float'
C:\Users\rapha\Documents\Visual studio doc\visual studio 2022 projects\Bird Fap\Bird Fap\main.cpp(1514,52): warning C4305: 'argument' : troncation de 'double' à 'float'
C:\Users\rapha\Documents\Visual studio doc\visual studio 2022 projects\Bird Fap\Bird Fap\main.cpp(1515,56): warning C4305: 'argument' : troncation de 'double' à 'float'
  Génération de code en cours
  Previous IPDB not found, fall back to full compilation.
  All 222 functions were compiled because no usable IPDB/IOBJ from previous compilation was found.
  Fin de la génération du code
  Bird Fap.vcxproj -> C:\Users\rapha\Documents\Visual studio doc\visual studio 2022 projects\Bird Fap\x64\Release\Bird Fap.exe
